<?xml version="1.0" encoding="UTF-8"?>
<!-- Generated by org.testng.reporters.JUnitReportReporter -->
<testsuite name="com.appium.ios.gestures.VerifyScrollTest" tests="1" time="4.289" ignored="0" failures="0" timestamp="04 Mar 2021 09:30:59 GMT" skipped="0" hostname="ndi-mb-091" errors="0">
  <testcase name="verifyScrollToElementTest" time="4.289" classname="com.appium.ios.gestures.VerifyScrollTest"/>
</testsuite> <!-- com.appium.ios.gestures.VerifyScrollTest -->
