<?xml version="1.0" encoding="UTF-8"?>
<!-- Generated by org.testng.reporters.JUnitReportReporter -->
<testsuite name="com.appium.ios.ActionSheetsTest" tests="4" time="9.517" ignored="0" failures="0" timestamp="04 Mar 2021 02:02:07 GMT" skipped="0" hostname="ndi-mb-091" errors="0">
  <testcase name="verifySafeChoiceButtonFunctionalityTest" time="1.797" classname="com.appium.ios.ActionSheetsTest"/>
  <testcase name="verifyCancelButtonFunctionalityTest" time="3.027" classname="com.appium.ios.ActionSheetsTest"/>
  <testcase name="verifyDestructiveChoiceButtonFunctionalityTest" time="1.818" classname="com.appium.ios.ActionSheetsTest"/>
  <testcase name="verifyOkButtonFunctionalityTest" time="2.875" classname="com.appium.ios.ActionSheetsTest"/>
</testsuite> <!-- com.appium.ios.ActionSheetsTest -->
