<?xml version="1.0" encoding="UTF-8"?>
<!-- Generated by org.testng.reporters.JUnitReportReporter -->
<testsuite name="com.appium.ios.VerifyPickerSelectionTest" tests="1" time="5.146" ignored="0" failures="0" timestamp="04 Mar 2021 03:04:35 GMT" skipped="0" hostname="ndi-mb-091" errors="0">
  <testcase name="verifyPickerWheelSelection" time="5.146" classname="com.appium.ios.VerifyPickerSelectionTest"/>
</testsuite> <!-- com.appium.ios.VerifyPickerSelectionTest -->
