<?xml version="1.0" encoding="UTF-8"?>
<!-- Generated by org.testng.reporters.JUnitReportReporter -->
<testsuite name="com.appium.android.ScrolToViewTest" tests="1" time="8.352" ignored="0" failures="0" timestamp="11 Feb 2021 08:08:47 GMT" skipped="0" hostname="NDI-MB-079" errors="0">
  <testcase name="androidScrollToViewTest" time="8.352" classname="com.appium.android.ScrolToViewTest"/>
</testsuite> <!-- com.appium.android.ScrolToViewTest -->
