<?xml version="1.0" encoding="UTF-8"?>
<!-- Generated by org.testng.reporters.JUnitReportReporter -->
<testsuite name="com.appium.ios.gestures.VerifySliderTest" tests="1" time="3.252" ignored="0" failures="0" timestamp="04 Mar 2021 09:30:59 GMT" skipped="0" hostname="ndi-mb-091" errors="0">
  <testcase name="verifySliderTest" time="3.252" classname="com.appium.ios.gestures.VerifySliderTest"/>
</testsuite> <!-- com.appium.ios.gestures.VerifySliderTest -->
