<?xml version="1.0" encoding="UTF-8"?>
<!-- Generated by org.testng.reporters.JUnitReportReporter -->
<testsuite name="com.appium.ios.VerifyWebViewTest" tests="1" time="12.794" ignored="0" failures="0" timestamp="04 Mar 2021 03:12:33 GMT" skipped="0" hostname="ndi-mb-091" errors="0">
  <testcase name="verifyWebViewTest" time="12.794" classname="com.appium.ios.VerifyWebViewTest"/>
</testsuite> <!-- com.appium.ios.VerifyWebViewTest -->
