<?xml version="1.0" encoding="UTF-8"?>
<!-- Generated by org.testng.reporters.JUnitReportReporter -->
<testsuite name="com.appium.ios.AlertViewsTest" tests="3" time="13.854" ignored="0" failures="0" timestamp="04 Mar 2021 02:02:07 GMT" skipped="0" hostname="ndi-mb-091" errors="0">
  <testcase name="verifyOkAndCancelAlertViewTest" time="5.061" classname="com.appium.ios.AlertViewsTest"/>
  <testcase name="verifyOtherAlertViewTest" time="4.589" classname="com.appium.ios.AlertViewsTest"/>
  <testcase name="verifySimpleAlertViewTest" time="4.204" classname="com.appium.ios.AlertViewsTest"/>
</testsuite> <!-- com.appium.ios.AlertViewsTest -->
