<?xml version="1.0" encoding="UTF-8"?>
<!-- Generated by org.testng.reporters.JUnitReportReporter -->
<testsuite name="com.appium.ios.VerifyScrollTest" tests="1" time="4.036" ignored="0" failures="0" timestamp="04 Mar 2021 02:23:36 GMT" skipped="0" hostname="ndi-mb-091" errors="0">
  <testcase name="iosScrollUpToElementTest" time="4.036" classname="com.appium.ios.VerifyScrollTest"/>
</testsuite> <!-- com.appium.ios.VerifyScrollTest -->
