<?xml version="1.0" encoding="UTF-8"?>
<!-- Generated by org.testng.reporters.JUnitReportReporter -->
<testsuite name="com.appium.android.gestures.DragAndDropTest" tests="1" time="8.810" ignored="0" failures="0" timestamp="04 Mar 2021 09:33:53 GMT" skipped="0" hostname="ndi-mb-091" errors="0">
  <testcase name="verifyDragAndDropTest" time="8.810" classname="com.appium.android.gestures.DragAndDropTest"/>
</testsuite> <!-- com.appium.android.gestures.DragAndDropTest -->
