<?xml version="1.0" encoding="UTF-8"?>
<!-- Generated by org.testng.reporters.JUnitReportReporter -->
<testsuite name="com.appium.android.gestures.LongPressTest" tests="1" time="7.166" ignored="0" failures="0" timestamp="04 Mar 2021 09:33:53 GMT" skipped="0" hostname="ndi-mb-091" errors="0">
  <testcase name="verifyLongPressTest" time="7.166" classname="com.appium.android.gestures.LongPressTest"/>
</testsuite> <!-- com.appium.android.gestures.LongPressTest -->
