<?xml version="1.0" encoding="UTF-8"?>
<!-- Generated by org.testng.reporters.JUnitReportReporter -->
<testsuite name="com.appium.ios.gestures.VerifyPickerSelectionTest" tests="1" time="6.913" ignored="0" failures="0" timestamp="04 Mar 2021 09:30:59 GMT" skipped="0" hostname="ndi-mb-091" errors="0">
  <testcase name="verifyPickerWheelSelection" time="6.913" classname="com.appium.ios.gestures.VerifyPickerSelectionTest"/>
</testsuite> <!-- com.appium.ios.gestures.VerifyPickerSelectionTest -->
