<?xml version="1.0" encoding="UTF-8"?>
<!-- Generated by org.testng.reporters.JUnitReportReporter -->
<testsuite name="com.appium.android.DragAndDropTest" tests="1" time="8.877" ignored="0" failures="0" timestamp="11 Feb 2021 08:07:03 GMT" skipped="0" hostname="NDI-MB-079" errors="0">
  <testcase name="androidDragAndDropTest" time="8.877" classname="com.appium.android.DragAndDropTest"/>
</testsuite> <!-- com.appium.android.DragAndDropTest -->
