<?xml version="1.0" encoding="UTF-8"?>
<!-- Generated by org.testng.reporters.JUnitReportReporter -->
<testsuite name="com.appium.android.LongPressTest" tests="1" time="8.454" ignored="0" failures="0" timestamp="11 Feb 2021 08:07:50 GMT" skipped="0" hostname="NDI-MB-079" errors="0">
  <testcase name="androidLongPressTest" time="8.454" classname="com.appium.android.LongPressTest"/>
</testsuite> <!-- com.appium.android.LongPressTest -->
